<?xml version="1.0" encoding="UTF-8"?>
<!-- Generated by org.testng.reporters.JUnitReportReporter -->
<testsuite hostname="Sf-PC" name="testCases.TestCase1" tests="1" failures="0" timestamp="23 Aug 2019 05:36:47 GMT" time="20.620" errors="0">
  <testcase name="tc01" time="20.620" classname="testCases.TestCase1"/>
</testsuite> <!-- testCases.TestCase1 -->
